

Started GET "/" for ::1 at 2016-09-23 18:55:19 -0700
Processing by Rails::WelcomeController#index as HTML
  Rendered /Users/ted/.rvm/gems/ruby-2.3.0/gems/railties-4.2.6/lib/rails/templates/rails/welcome/index.html.erb (2.2ms)
Completed 200 OK in 72ms (Views: 53.3ms | ActiveRecord: 0.0ms)


Started GET "/welcome/index" for ::1 at 2016-09-23 18:56:15 -0700
Processing by WelcomeController#index as HTML
  Rendered welcome/index.html.erb within layouts/application (0.3ms)
Completed 200 OK in 1348ms (Views: 1347.9ms | ActiveRecord: 0.0ms)


Started GET "/assets/welcome.self-e3b0c44298fc1c149afbf4c8996fb92427ae41e4649b934ca495991b7852b855.css?body=1" for ::1 at 2016-09-23 18:56:17 -0700


Started GET "/assets/application.self-e80e8f2318043e8af94dddc2adad5a4f09739a8ebb323b3ab31cd71d45fd9113.css?body=1" for ::1 at 2016-09-23 18:56:17 -0700


Started GET "/assets/jquery.self-bd7ddd393353a8d2480a622e80342adf488fb6006d667e8b42e4c0073393abee.js?body=1" for ::1 at 2016-09-23 18:56:17 -0700


Started GET "/assets/welcome.self-877aef30ae1b040ab8a3aba4e3e309a11d7f2612f44dde450b5c157aa5f95c05.js?body=1" for ::1 at 2016-09-23 18:56:17 -0700


Started GET "/assets/jquery_ujs.self-784a997f6726036b1993eb2217c9cb558e1cbb801c6da88105588c56f13b466a.js?body=1" for ::1 at 2016-09-23 18:56:17 -0700


Started GET "/assets/turbolinks.self-c5acd7a204f5f25ce7a1d8a0e4d92e28d34c9e2df2c7371cd7af88e147e4ad82.js?body=1" for ::1 at 2016-09-23 18:56:17 -0700


Started GET "/assets/application.self-3b8dabdc891efe46b9a144b400ad69e37d7e5876bdc39dee783419a69d7ca819.js?body=1" for ::1 at 2016-09-23 18:56:17 -0700


Started GET "/" for ::1 at 2016-09-23 18:57:33 -0700
Processing by WelcomeController#index as HTML
  Rendered welcome/index.html.erb within layouts/application (0.0ms)
Completed 200 OK in 22ms (Views: 21.0ms | ActiveRecord: 0.0ms)


Started GET "/assets/welcome.self-e3b0c44298fc1c149afbf4c8996fb92427ae41e4649b934ca495991b7852b855.css?body=1" for ::1 at 2016-09-23 18:57:33 -0700


Started GET "/assets/jquery.self-bd7ddd393353a8d2480a622e80342adf488fb6006d667e8b42e4c0073393abee.js?body=1" for ::1 at 2016-09-23 18:57:33 -0700


Started GET "/assets/welcome.self-877aef30ae1b040ab8a3aba4e3e309a11d7f2612f44dde450b5c157aa5f95c05.js?body=1" for ::1 at 2016-09-23 18:57:33 -0700


Started GET "/assets/turbolinks.self-c5acd7a204f5f25ce7a1d8a0e4d92e28d34c9e2df2c7371cd7af88e147e4ad82.js?body=1" for ::1 at 2016-09-23 18:57:33 -0700


Started GET "/assets/application.self-e80e8f2318043e8af94dddc2adad5a4f09739a8ebb323b3ab31cd71d45fd9113.css?body=1" for ::1 at 2016-09-23 18:57:33 -0700


Started GET "/assets/jquery_ujs.self-784a997f6726036b1993eb2217c9cb558e1cbb801c6da88105588c56f13b466a.js?body=1" for ::1 at 2016-09-23 18:57:33 -0700


Started GET "/assets/application.self-3b8dabdc891efe46b9a144b400ad69e37d7e5876bdc39dee783419a69d7ca819.js?body=1" for ::1 at 2016-09-23 18:57:33 -0700


Started GET "/" for ::1 at 2016-09-23 18:58:23 -0700
Processing by WelcomeController#index as HTML
  Rendered welcome/index.html.erb within layouts/application (0.3ms)
Completed 200 OK in 10ms (Views: 9.7ms | ActiveRecord: 0.0ms)


Started GET "/assets/jquery.self-bd7ddd393353a8d2480a622e80342adf488fb6006d667e8b42e4c0073393abee.js?body=1" for ::1 at 2016-09-23 18:58:23 -0700


Started GET "/assets/welcome.self-e3b0c44298fc1c149afbf4c8996fb92427ae41e4649b934ca495991b7852b855.css?body=1" for ::1 at 2016-09-23 18:58:23 -0700


Started GET "/assets/jquery_ujs.self-784a997f6726036b1993eb2217c9cb558e1cbb801c6da88105588c56f13b466a.js?body=1" for ::1 at 2016-09-23 18:58:23 -0700


Started GET "/assets/turbolinks.self-c5acd7a204f5f25ce7a1d8a0e4d92e28d34c9e2df2c7371cd7af88e147e4ad82.js?body=1" for ::1 at 2016-09-23 18:58:23 -0700


Started GET "/assets/application.self-e80e8f2318043e8af94dddc2adad5a4f09739a8ebb323b3ab31cd71d45fd9113.css?body=1" for ::1 at 2016-09-23 18:58:23 -0700


Started GET "/assets/welcome.self-877aef30ae1b040ab8a3aba4e3e309a11d7f2612f44dde450b5c157aa5f95c05.js?body=1" for ::1 at 2016-09-23 18:58:23 -0700


Started GET "/assets/application.self-3b8dabdc891efe46b9a144b400ad69e37d7e5876bdc39dee783419a69d7ca819.js?body=1" for ::1 at 2016-09-23 18:58:23 -0700


Started GET "/welcome/about" for ::1 at 2016-09-23 18:58:28 -0700
Processing by WelcomeController#about as HTML
  Rendered welcome/about.html.erb within layouts/application (0.3ms)
Completed 200 OK in 10ms (Views: 10.1ms | ActiveRecord: 0.0ms)


Started GET "/" for ::1 at 2016-09-23 18:59:16 -0700
Processing by WelcomeController#index as HTML
  Rendered welcome/index.html.erb within layouts/application (0.0ms)
Completed 200 OK in 11ms (Views: 11.0ms | ActiveRecord: 0.0ms)


Started GET "/assets/jquery_ujs.self-784a997f6726036b1993eb2217c9cb558e1cbb801c6da88105588c56f13b466a.js?body=1" for ::1 at 2016-09-23 18:59:16 -0700


Started GET "/assets/welcome.self-e3b0c44298fc1c149afbf4c8996fb92427ae41e4649b934ca495991b7852b855.css?body=1" for ::1 at 2016-09-23 18:59:16 -0700


Started GET "/assets/turbolinks.self-c5acd7a204f5f25ce7a1d8a0e4d92e28d34c9e2df2c7371cd7af88e147e4ad82.js?body=1" for ::1 at 2016-09-23 18:59:16 -0700


Started GET "/assets/welcome.self-877aef30ae1b040ab8a3aba4e3e309a11d7f2612f44dde450b5c157aa5f95c05.js?body=1" for ::1 at 2016-09-23 18:59:16 -0700


Started GET "/assets/jquery.self-bd7ddd393353a8d2480a622e80342adf488fb6006d667e8b42e4c0073393abee.js?body=1" for ::1 at 2016-09-23 18:59:16 -0700


Started GET "/assets/application.self-e80e8f2318043e8af94dddc2adad5a4f09739a8ebb323b3ab31cd71d45fd9113.css?body=1" for ::1 at 2016-09-23 18:59:16 -0700


Started GET "/assets/application.self-3b8dabdc891efe46b9a144b400ad69e37d7e5876bdc39dee783419a69d7ca819.js?body=1" for ::1 at 2016-09-23 18:59:16 -0700


Started GET "/welcome/about" for ::1 at 2016-09-23 18:59:18 -0700
Processing by WelcomeController#about as HTML
  Rendered welcome/about.html.erb within layouts/application (0.0ms)
Completed 200 OK in 12ms (Views: 11.8ms | ActiveRecord: 0.0ms)


Started GET "/welcome/index" for ::1 at 2016-09-23 18:59:19 -0700
Processing by WelcomeController#index as HTML
  Rendered welcome/index.html.erb within layouts/application (0.0ms)
Completed 200 OK in 12ms (Views: 11.6ms | ActiveRecord: 0.0ms)


Started GET "/welcome/index" for ::1 at 2016-09-23 19:00:38 -0700
Processing by WelcomeController#index as HTML
  Rendered welcome/index.html.erb within layouts/application (0.3ms)
Completed 200 OK in 535ms (Views: 534.9ms | ActiveRecord: 0.0ms)


Started GET "/assets/welcome.self-85e99125d83ded520b9afaeb48cb882f3f37049b463332486d5dc83caf974de9.css?body=1" for ::1 at 2016-09-23 19:00:39 -0700


Started GET "/assets/turbolinks.self-c5acd7a204f5f25ce7a1d8a0e4d92e28d34c9e2df2c7371cd7af88e147e4ad82.js?body=1" for ::1 at 2016-09-23 19:00:39 -0700


Started GET "/assets/application.self-e80e8f2318043e8af94dddc2adad5a4f09739a8ebb323b3ab31cd71d45fd9113.css?body=1" for ::1 at 2016-09-23 19:00:39 -0700


Started GET "/assets/jquery_ujs.self-784a997f6726036b1993eb2217c9cb558e1cbb801c6da88105588c56f13b466a.js?body=1" for ::1 at 2016-09-23 19:00:39 -0700


Started GET "/assets/jquery.self-bd7ddd393353a8d2480a622e80342adf488fb6006d667e8b42e4c0073393abee.js?body=1" for ::1 at 2016-09-23 19:00:39 -0700


Started GET "/assets/application.self-3b8dabdc891efe46b9a144b400ad69e37d7e5876bdc39dee783419a69d7ca819.js?body=1" for ::1 at 2016-09-23 19:00:39 -0700


Started GET "/assets/welcome.self-877aef30ae1b040ab8a3aba4e3e309a11d7f2612f44dde450b5c157aa5f95c05.js?body=1" for ::1 at 2016-09-23 19:00:39 -0700


Started GET "/welcome/index" for ::1 at 2016-09-23 19:01:11 -0700
Processing by WelcomeController#index as HTML
  Rendered welcome/index.html.erb within layouts/application (0.5ms)
Completed 200 OK in 442ms (Views: 441.8ms | ActiveRecord: 0.0ms)


Started GET "/assets/welcome.self-10627cc975526b37dad867037d160f78daaff200c5d6d9f08c0d68bb69d7154f.css?body=1" for ::1 at 2016-09-23 19:01:11 -0700


Started GET "/assets/application.self-e80e8f2318043e8af94dddc2adad5a4f09739a8ebb323b3ab31cd71d45fd9113.css?body=1" for ::1 at 2016-09-23 19:01:11 -0700


Started GET "/assets/welcome.self-877aef30ae1b040ab8a3aba4e3e309a11d7f2612f44dde450b5c157aa5f95c05.js?body=1" for ::1 at 2016-09-23 19:01:11 -0700


Started GET "/assets/jquery_ujs.self-784a997f6726036b1993eb2217c9cb558e1cbb801c6da88105588c56f13b466a.js?body=1" for ::1 at 2016-09-23 19:01:11 -0700


Started GET "/assets/turbolinks.self-c5acd7a204f5f25ce7a1d8a0e4d92e28d34c9e2df2c7371cd7af88e147e4ad82.js?body=1" for ::1 at 2016-09-23 19:01:11 -0700


Started GET "/assets/jquery.self-bd7ddd393353a8d2480a622e80342adf488fb6006d667e8b42e4c0073393abee.js?body=1" for ::1 at 2016-09-23 19:01:12 -0700


Started GET "/assets/application.self-3b8dabdc891efe46b9a144b400ad69e37d7e5876bdc39dee783419a69d7ca819.js?body=1" for ::1 at 2016-09-23 19:01:12 -0700


Started GET "/welcome/index" for ::1 at 2016-09-23 19:03:36 -0700
Processing by WelcomeController#index as HTML
  Rendered welcome/index.html.erb within layouts/application (0.6ms)
Completed 200 OK in 439ms (Views: 438.7ms | ActiveRecord: 0.0ms)


Started GET "/assets/welcome.self-226f51480622a0dec2966ca152eac7a7dcddf779feeeb40de7b85ccc5dce923a.css?body=1" for ::1 at 2016-09-23 19:03:37 -0700


Started GET "/assets/turbolinks.self-c5acd7a204f5f25ce7a1d8a0e4d92e28d34c9e2df2c7371cd7af88e147e4ad82.js?body=1" for ::1 at 2016-09-23 19:03:37 -0700


Started GET "/assets/application.self-bae8ee6a23d950570e5fba172d38a2c92b52bccb0582a326622817d2bd29986e.css?body=1" for ::1 at 2016-09-23 19:03:37 -0700


Started GET "/assets/jquery.self-bd7ddd393353a8d2480a622e80342adf488fb6006d667e8b42e4c0073393abee.js?body=1" for ::1 at 2016-09-23 19:03:37 -0700


Started GET "/assets/jquery_ujs.self-784a997f6726036b1993eb2217c9cb558e1cbb801c6da88105588c56f13b466a.js?body=1" for ::1 at 2016-09-23 19:03:37 -0700


Started GET "/assets/welcome.self-877aef30ae1b040ab8a3aba4e3e309a11d7f2612f44dde450b5c157aa5f95c05.js?body=1" for ::1 at 2016-09-23 19:03:37 -0700


Started GET "/assets/application.self-3b8dabdc891efe46b9a144b400ad69e37d7e5876bdc39dee783419a69d7ca819.js?body=1" for ::1 at 2016-09-23 19:03:37 -0700


Started GET "/assets/bootstrap" for ::1 at 2016-09-23 19:03:37 -0700


Started GET "/assets/bootstrap-sprockets" for ::1 at 2016-09-23 19:03:37 -0700


Started GET "/welcome/index" for ::1 at 2016-09-23 19:04:22 -0700
Processing by WelcomeController#index as HTML
  Rendered welcome/index.html.erb within layouts/application (0.0ms)
Completed 500 Internal Server Error in 61ms (ActiveRecord: 0.0ms)

ActionView::Template::Error (File to import not found or unreadable: bootstrap-sprockets.
Load paths:
  /Users/ted/bloc/blocipedia/app/assets/images
  /Users/ted/bloc/blocipedia/app/assets/javascripts
  /Users/ted/bloc/blocipedia/app/assets/stylesheets
  /Users/ted/bloc/blocipedia/vendor/assets/javascripts
  /Users/ted/bloc/blocipedia/vendor/assets/stylesheets
  /Users/ted/.rvm/gems/ruby-2.3.0/gems/jquery-rails-4.2.1/vendor/assets/javascripts
  /Users/ted/.rvm/gems/ruby-2.3.0/gems/coffee-rails-4.1.1/lib/assets/javascripts
  /Users/ted/.rvm/gems/ruby-2.3.0/gems/turbolinks-source-5.0.0/lib/assets/javascripts
  /Users/ted/.rvm/gems/ruby-2.3.0/gems/bootstrap-4.0.0.alpha4/assets/stylesheets
  /Users/ted/.rvm/gems/ruby-2.3.0/gems/bootstrap-4.0.0.alpha4/assets/javascripts
  /Users/ted/.rvm/gems/ruby-2.3.0/gems/bootstrap-4.0.0.alpha4/assets/stylesheets):
    2: <html>
    3: <head>
    4:   <title>Blocipedia</title>
    5:   <%= stylesheet_link_tag    'application', media: 'all', 'data-turbolinks-track' => true %>
    6:   <%= javascript_include_tag 'application', 'data-turbolinks-track' => true %>
    7:   <%= csrf_meta_tags %>
    8: </head>
  app/assets/stylesheets/application.scss:18
  app/views/layouts/application.html.erb:5:in `_app_views_layouts_application_html_erb__3658037032025912996_70186678960160'


  Rendered /Users/ted/.rvm/gems/ruby-2.3.0/gems/actionpack-4.2.6/lib/action_dispatch/middleware/templates/rescues/_source.erb (6.2ms)
  Rendered /Users/ted/.rvm/gems/ruby-2.3.0/gems/actionpack-4.2.6/lib/action_dispatch/middleware/templates/rescues/_trace.html.erb (2.7ms)
  Rendered /Users/ted/.rvm/gems/ruby-2.3.0/gems/actionpack-4.2.6/lib/action_dispatch/middleware/templates/rescues/_request_and_response.html.erb (0.8ms)
  Rendered /Users/ted/.rvm/gems/ruby-2.3.0/gems/actionpack-4.2.6/lib/action_dispatch/middleware/templates/rescues/template_error.html.erb within rescues/layout (42.4ms)
  Rendered /Users/ted/.rvm/gems/ruby-2.3.0/gems/web-console-2.3.0/lib/web_console/templates/_markup.html.erb (0.4ms)
  Rendered /Users/ted/.rvm/gems/ruby-2.3.0/gems/web-console-2.3.0/lib/web_console/templates/_inner_console_markup.html.erb within layouts/inlined_string (0.3ms)
  Rendered /Users/ted/.rvm/gems/ruby-2.3.0/gems/web-console-2.3.0/lib/web_console/templates/_prompt_box_markup.html.erb within layouts/inlined_string (0.3ms)
  Rendered /Users/ted/.rvm/gems/ruby-2.3.0/gems/web-console-2.3.0/lib/web_console/templates/style.css.erb within layouts/inlined_string (0.3ms)
  Rendered /Users/ted/.rvm/gems/ruby-2.3.0/gems/web-console-2.3.0/lib/web_console/templates/console.js.erb within layouts/javascript (387.9ms)
  Rendered /Users/ted/.rvm/gems/ruby-2.3.0/gems/web-console-2.3.0/lib/web_console/templates/main.js.erb within layouts/javascript (0.3ms)
  Rendered /Users/ted/.rvm/gems/ruby-2.3.0/gems/web-console-2.3.0/lib/web_console/templates/error_page.js.erb within layouts/javascript (0.3ms)
  Rendered /Users/ted/.rvm/gems/ruby-2.3.0/gems/web-console-2.3.0/lib/web_console/templates/index.html.erb (454.2ms)


Started GET "/welcome/index" for ::1 at 2016-09-23 19:05:48 -0700
Processing by WelcomeController#index as HTML
  Rendered welcome/index.html.erb within layouts/application (0.8ms)
Completed 500 Internal Server Error in 178ms (ActiveRecord: 0.0ms)

ActionView::Template::Error (File to import not found or unreadable: bootstrap-sprockets.
Load paths:
  /Users/ted/bloc/blocipedia/app/assets/images
  /Users/ted/bloc/blocipedia/app/assets/javascripts
  /Users/ted/bloc/blocipedia/app/assets/stylesheets
  /Users/ted/bloc/blocipedia/vendor/assets/javascripts
  /Users/ted/bloc/blocipedia/vendor/assets/stylesheets
  /Users/ted/.rvm/gems/ruby-2.3.0/gems/jquery-rails-4.2.1/vendor/assets/javascripts
  /Users/ted/.rvm/gems/ruby-2.3.0/gems/coffee-rails-4.1.1/lib/assets/javascripts
  /Users/ted/.rvm/gems/ruby-2.3.0/gems/turbolinks-source-5.0.0/lib/assets/javascripts
  /Users/ted/.rvm/gems/ruby-2.3.0/gems/bootstrap-4.0.0.alpha4/assets/stylesheets
  /Users/ted/.rvm/gems/ruby-2.3.0/gems/bootstrap-4.0.0.alpha4/assets/javascripts
  /Users/ted/.rvm/gems/ruby-2.3.0/gems/bootstrap-4.0.0.alpha4/assets/stylesheets
  /Users/ted/.rvm/gems/ruby-2.3.0/gems/bootstrap-4.0.0.alpha4/assets/javascripts
  /Users/ted/.rvm/gems/ruby-2.3.0/gems/bootstrap-4.0.0.alpha4/assets/fonts
  /Users/ted/.rvm/gems/ruby-2.3.0/gems/bootstrap-4.0.0.alpha4/assets/images
  /Users/ted/.rvm/gems/ruby-2.3.0/gems/bootstrap-4.0.0.alpha4/assets/stylesheets
  /Users/ted/.rvm/gems/ruby-2.3.0/gems/bootstrap-4.0.0.alpha4/assets/stylesheets):
    2: <html>
    3: <head>
    4:   <title>Blocipedia</title>
    5:   <%= stylesheet_link_tag    'application', media: 'all', 'data-turbolinks-track' => true %>
    6:   <%= javascript_include_tag 'application', 'data-turbolinks-track' => true %>
    7:   <%= csrf_meta_tags %>
    8: </head>
  app/assets/stylesheets/application.scss:18
  app/views/layouts/application.html.erb:5:in `_app_views_layouts_application_html_erb___913843639799881182_70145592372180'


  Rendered /Users/ted/.rvm/gems/ruby-2.3.0/gems/actionpack-4.2.6/lib/action_dispatch/middleware/templates/rescues/_source.erb (6.0ms)
  Rendered /Users/ted/.rvm/gems/ruby-2.3.0/gems/actionpack-4.2.6/lib/action_dispatch/middleware/templates/rescues/_trace.html.erb (2.5ms)
  Rendered /Users/ted/.rvm/gems/ruby-2.3.0/gems/actionpack-4.2.6/lib/action_dispatch/middleware/templates/rescues/_request_and_response.html.erb (0.7ms)
  Rendered /Users/ted/.rvm/gems/ruby-2.3.0/gems/actionpack-4.2.6/lib/action_dispatch/middleware/templates/rescues/template_error.html.erb within rescues/layout (38.0ms)
  Rendered /Users/ted/.rvm/gems/ruby-2.3.0/gems/web-console-2.3.0/lib/web_console/templates/_markup.html.erb (0.3ms)
  Rendered /Users/ted/.rvm/gems/ruby-2.3.0/gems/web-console-2.3.0/lib/web_console/templates/_inner_console_markup.html.erb within layouts/inlined_string (0.3ms)
  Rendered /Users/ted/.rvm/gems/ruby-2.3.0/gems/web-console-2.3.0/lib/web_console/templates/_prompt_box_markup.html.erb within layouts/inlined_string (0.3ms)
  Rendered /Users/ted/.rvm/gems/ruby-2.3.0/gems/web-console-2.3.0/lib/web_console/templates/style.css.erb within layouts/inlined_string (0.4ms)
  Rendered /Users/ted/.rvm/gems/ruby-2.3.0/gems/web-console-2.3.0/lib/web_console/templates/console.js.erb within layouts/javascript (265.0ms)
  Rendered /Users/ted/.rvm/gems/ruby-2.3.0/gems/web-console-2.3.0/lib/web_console/templates/main.js.erb within layouts/javascript (0.2ms)
  Rendered /Users/ted/.rvm/gems/ruby-2.3.0/gems/web-console-2.3.0/lib/web_console/templates/error_page.js.erb within layouts/javascript (0.3ms)
  Rendered /Users/ted/.rvm/gems/ruby-2.3.0/gems/web-console-2.3.0/lib/web_console/templates/index.html.erb (300.7ms)


Started GET "/welcome/index" for ::1 at 2016-09-23 19:06:21 -0700
Processing by WelcomeController#index as HTML
  Rendered welcome/index.html.erb within layouts/application (0.0ms)
Completed 500 Internal Server Error in 18ms (ActiveRecord: 0.0ms)

ActionView::Template::Error (File to import not found or unreadable: bootstrap-sprockets.
Load paths:
  /Users/ted/bloc/blocipedia/app/assets/images
  /Users/ted/bloc/blocipedia/app/assets/javascripts
  /Users/ted/bloc/blocipedia/app/assets/stylesheets
  /Users/ted/bloc/blocipedia/vendor/assets/javascripts
  /Users/ted/bloc/blocipedia/vendor/assets/stylesheets
  /Users/ted/.rvm/gems/ruby-2.3.0/gems/jquery-rails-4.2.1/vendor/assets/javascripts
  /Users/ted/.rvm/gems/ruby-2.3.0/gems/coffee-rails-4.1.1/lib/assets/javascripts
  /Users/ted/.rvm/gems/ruby-2.3.0/gems/turbolinks-source-5.0.0/lib/assets/javascripts
  /Users/ted/.rvm/gems/ruby-2.3.0/gems/bootstrap-4.0.0.alpha4/assets/stylesheets
  /Users/ted/.rvm/gems/ruby-2.3.0/gems/bootstrap-4.0.0.alpha4/assets/javascripts
  /Users/ted/.rvm/gems/ruby-2.3.0/gems/bootstrap-4.0.0.alpha4/assets/stylesheets
  /Users/ted/.rvm/gems/ruby-2.3.0/gems/bootstrap-4.0.0.alpha4/assets/javascripts
  /Users/ted/.rvm/gems/ruby-2.3.0/gems/bootstrap-4.0.0.alpha4/assets/fonts
  /Users/ted/.rvm/gems/ruby-2.3.0/gems/bootstrap-4.0.0.alpha4/assets/images
  /Users/ted/.rvm/gems/ruby-2.3.0/gems/bootstrap-4.0.0.alpha4/assets/stylesheets
  /Users/ted/.rvm/gems/ruby-2.3.0/gems/bootstrap-4.0.0.alpha4/assets/stylesheets):
    2: <html>
    3: <head>
    4:   <title>Blocipedia</title>
    5:   <%= stylesheet_link_tag    'application', media: 'all', 'data-turbolinks-track' => true %>
    6:   <%= javascript_include_tag 'application', 'data-turbolinks-track' => true %>
    7:   <%= csrf_meta_tags %>
    8: </head>
  app/assets/stylesheets/application.scss:18
  app/views/layouts/application.html.erb:5:in `_app_views_layouts_application_html_erb___913843639799881182_70145592372180'


  Rendered /Users/ted/.rvm/gems/ruby-2.3.0/gems/actionpack-4.2.6/lib/action_dispatch/middleware/templates/rescues/_source.erb (6.6ms)
  Rendered /Users/ted/.rvm/gems/ruby-2.3.0/gems/actionpack-4.2.6/lib/action_dispatch/middleware/templates/rescues/_trace.html.erb (2.7ms)
  Rendered /Users/ted/.rvm/gems/ruby-2.3.0/gems/actionpack-4.2.6/lib/action_dispatch/middleware/templates/rescues/_request_and_response.html.erb (0.7ms)
  Rendered /Users/ted/.rvm/gems/ruby-2.3.0/gems/actionpack-4.2.6/lib/action_dispatch/middleware/templates/rescues/template_error.html.erb within rescues/layout (39.7ms)
  Rendered /Users/ted/.rvm/gems/ruby-2.3.0/gems/web-console-2.3.0/lib/web_console/templates/_markup.html.erb (0.4ms)
  Rendered /Users/ted/.rvm/gems/ruby-2.3.0/gems/web-console-2.3.0/lib/web_console/templates/_inner_console_markup.html.erb within layouts/inlined_string (0.2ms)
  Rendered /Users/ted/.rvm/gems/ruby-2.3.0/gems/web-console-2.3.0/lib/web_console/templates/_prompt_box_markup.html.erb within layouts/inlined_string (0.2ms)
  Rendered /Users/ted/.rvm/gems/ruby-2.3.0/gems/web-console-2.3.0/lib/web_console/templates/style.css.erb within layouts/inlined_string (0.3ms)
  Rendered /Users/ted/.rvm/gems/ruby-2.3.0/gems/web-console-2.3.0/lib/web_console/templates/console.js.erb within layouts/javascript (27.4ms)
  Rendered /Users/ted/.rvm/gems/ruby-2.3.0/gems/web-console-2.3.0/lib/web_console/templates/main.js.erb within layouts/javascript (0.2ms)
  Rendered /Users/ted/.rvm/gems/ruby-2.3.0/gems/web-console-2.3.0/lib/web_console/templates/error_page.js.erb within layouts/javascript (0.4ms)
  Rendered /Users/ted/.rvm/gems/ruby-2.3.0/gems/web-console-2.3.0/lib/web_console/templates/index.html.erb (60.9ms)


Started GET "/welcome/index" for ::1 at 2016-09-23 19:09:39 -0700
Processing by WelcomeController#index as HTML
  Rendered welcome/index.html.erb within layouts/application (0.8ms)
Completed 500 Internal Server Error in 198ms (ActiveRecord: 0.0ms)

ActionView::Template::Error (File to import not found or unreadable: bootstrap-sprockets.
Load paths:
  /Users/ted/bloc/blocipedia/app/assets/images
  /Users/ted/bloc/blocipedia/app/assets/javascripts
  /Users/ted/bloc/blocipedia/app/assets/stylesheets
  /Users/ted/bloc/blocipedia/vendor/assets/javascripts
  /Users/ted/bloc/blocipedia/vendor/assets/stylesheets
  /Users/ted/.rvm/gems/ruby-2.3.0/gems/jquery-rails-4.2.1/vendor/assets/javascripts
  /Users/ted/.rvm/gems/ruby-2.3.0/gems/coffee-rails-4.1.1/lib/assets/javascripts
  /Users/ted/.rvm/gems/ruby-2.3.0/gems/turbolinks-source-5.0.0/lib/assets/javascripts
  /Users/ted/.rvm/gems/ruby-2.3.0/gems/bootstrap-4.0.0.alpha4/assets/stylesheets
  /Users/ted/.rvm/gems/ruby-2.3.0/gems/bootstrap-4.0.0.alpha4/assets/javascripts
  /Users/ted/.rvm/gems/ruby-2.3.0/gems/bootstrap-4.0.0.alpha4/assets/stylesheets
  /Users/ted/.rvm/gems/ruby-2.3.0/gems/bootstrap-4.0.0.alpha4/assets/javascripts
  /Users/ted/.rvm/gems/ruby-2.3.0/gems/bootstrap-4.0.0.alpha4/assets/fonts
  /Users/ted/.rvm/gems/ruby-2.3.0/gems/bootstrap-4.0.0.alpha4/assets/images
  /Users/ted/.rvm/gems/ruby-2.3.0/gems/bootstrap-4.0.0.alpha4/assets/stylesheets
  /Users/ted/.rvm/gems/ruby-2.3.0/gems/bootstrap-4.0.0.alpha4/assets/stylesheets):
    2: <html>
    3: <head>
    4:   <title>Blocipedia</title>
    5:   <%= stylesheet_link_tag    'application', media: 'all', 'data-turbolinks-track' => true %>
    6:   <%= javascript_include_tag 'application', 'data-turbolinks-track' => true %>
    7:   <%= csrf_meta_tags %>
    8: </head>
  app/assets/stylesheets/application.scss:18
  app/views/layouts/application.html.erb:5:in `_app_views_layouts_application_html_erb__3838806921985711265_70211477321340'


  Rendered /Users/ted/.rvm/gems/ruby-2.3.0/gems/actionpack-4.2.6/lib/action_dispatch/middleware/templates/rescues/_source.erb (5.8ms)
  Rendered /Users/ted/.rvm/gems/ruby-2.3.0/gems/actionpack-4.2.6/lib/action_dispatch/middleware/templates/rescues/_trace.html.erb (2.6ms)
  Rendered /Users/ted/.rvm/gems/ruby-2.3.0/gems/actionpack-4.2.6/lib/action_dispatch/middleware/templates/rescues/_request_and_response.html.erb (0.8ms)
  Rendered /Users/ted/.rvm/gems/ruby-2.3.0/gems/actionpack-4.2.6/lib/action_dispatch/middleware/templates/rescues/template_error.html.erb within rescues/layout (37.4ms)
  Rendered /Users/ted/.rvm/gems/ruby-2.3.0/gems/web-console-2.3.0/lib/web_console/templates/_markup.html.erb (0.4ms)
  Rendered /Users/ted/.rvm/gems/ruby-2.3.0/gems/web-console-2.3.0/lib/web_console/templates/_inner_console_markup.html.erb within layouts/inlined_string (0.2ms)
  Rendered /Users/ted/.rvm/gems/ruby-2.3.0/gems/web-console-2.3.0/lib/web_console/templates/_prompt_box_markup.html.erb within layouts/inlined_string (0.1ms)
  Rendered /Users/ted/.rvm/gems/ruby-2.3.0/gems/web-console-2.3.0/lib/web_console/templates/style.css.erb within layouts/inlined_string (0.2ms)
  Rendered /Users/ted/.rvm/gems/ruby-2.3.0/gems/web-console-2.3.0/lib/web_console/templates/console.js.erb within layouts/javascript (258.3ms)
  Rendered /Users/ted/.rvm/gems/ruby-2.3.0/gems/web-console-2.3.0/lib/web_console/templates/main.js.erb within layouts/javascript (0.2ms)
  Rendered /Users/ted/.rvm/gems/ruby-2.3.0/gems/web-console-2.3.0/lib/web_console/templates/error_page.js.erb within layouts/javascript (0.3ms)
  Rendered /Users/ted/.rvm/gems/ruby-2.3.0/gems/web-console-2.3.0/lib/web_console/templates/index.html.erb (294.3ms)


Started GET "/welcome/index" for ::1 at 2016-09-23 19:10:51 -0700
Processing by WelcomeController#index as HTML
  Rendered welcome/index.html.erb within layouts/application (0.8ms)
Completed 500 Internal Server Error in 176ms (ActiveRecord: 0.0ms)

ActionView::Template::Error (File to import not found or unreadable: bootstrap-sprockets.
Load paths:
  /Users/ted/bloc/blocipedia/app/assets/images
  /Users/ted/bloc/blocipedia/app/assets/javascripts
  /Users/ted/bloc/blocipedia/app/assets/stylesheets
  /Users/ted/bloc/blocipedia/vendor/assets/javascripts
  /Users/ted/bloc/blocipedia/vendor/assets/stylesheets
  /Users/ted/.rvm/gems/ruby-2.3.0/gems/jquery-rails-4.2.1/vendor/assets/javascripts
  /Users/ted/.rvm/gems/ruby-2.3.0/gems/coffee-rails-4.1.1/lib/assets/javascripts
  /Users/ted/.rvm/gems/ruby-2.3.0/gems/turbolinks-source-5.0.0/lib/assets/javascripts
  /Users/ted/.rvm/gems/ruby-2.3.0/gems/bootstrap-4.0.0.alpha4/assets/stylesheets
  /Users/ted/.rvm/gems/ruby-2.3.0/gems/bootstrap-4.0.0.alpha4/assets/javascripts
  /Users/ted/.rvm/gems/ruby-2.3.0/gems/bootstrap-4.0.0.alpha4/assets/stylesheets
  /Users/ted/.rvm/gems/ruby-2.3.0/gems/bootstrap-4.0.0.alpha4/assets/javascripts
  /Users/ted/.rvm/gems/ruby-2.3.0/gems/bootstrap-4.0.0.alpha4/assets/fonts
  /Users/ted/.rvm/gems/ruby-2.3.0/gems/bootstrap-4.0.0.alpha4/assets/images
  /Users/ted/.rvm/gems/ruby-2.3.0/gems/bootstrap-4.0.0.alpha4/assets/stylesheets
  /Users/ted/.rvm/gems/ruby-2.3.0/gems/bootstrap-4.0.0.alpha4/assets/stylesheets):
    2: <html>
    3: <head>
    4:   <title>Blocipedia</title>
    5:   <%= stylesheet_link_tag    'application', media: 'all', 'data-turbolinks-track' => true %>
    6:   <%= javascript_include_tag 'application', 'data-turbolinks-track' => true %>
    7:   <%= csrf_meta_tags %>
    8: </head>
  app/assets/stylesheets/application.scss:18
  app/views/layouts/application.html.erb:5:in `_app_views_layouts_application_html_erb__400684344864042863_70364137633440'


  Rendered /Users/ted/.rvm/gems/ruby-2.3.0/gems/actionpack-4.2.6/lib/action_dispatch/middleware/templates/rescues/_source.erb (6.1ms)
  Rendered /Users/ted/.rvm/gems/ruby-2.3.0/gems/actionpack-4.2.6/lib/action_dispatch/middleware/templates/rescues/_trace.html.erb (2.6ms)
  Rendered /Users/ted/.rvm/gems/ruby-2.3.0/gems/actionpack-4.2.6/lib/action_dispatch/middleware/templates/rescues/_request_and_response.html.erb (0.7ms)
  Rendered /Users/ted/.rvm/gems/ruby-2.3.0/gems/actionpack-4.2.6/lib/action_dispatch/middleware/templates/rescues/template_error.html.erb within rescues/layout (37.8ms)
  Rendered /Users/ted/.rvm/gems/ruby-2.3.0/gems/web-console-2.3.0/lib/web_console/templates/_markup.html.erb (0.4ms)
  Rendered /Users/ted/.rvm/gems/ruby-2.3.0/gems/web-console-2.3.0/lib/web_console/templates/_inner_console_markup.html.erb within layouts/inlined_string (0.4ms)
  Rendered /Users/ted/.rvm/gems/ruby-2.3.0/gems/web-console-2.3.0/lib/web_console/templates/_prompt_box_markup.html.erb within layouts/inlined_string (0.2ms)
  Rendered /Users/ted/.rvm/gems/ruby-2.3.0/gems/web-console-2.3.0/lib/web_console/templates/style.css.erb within layouts/inlined_string (0.2ms)
  Rendered /Users/ted/.rvm/gems/ruby-2.3.0/gems/web-console-2.3.0/lib/web_console/templates/console.js.erb within layouts/javascript (272.3ms)
  Rendered /Users/ted/.rvm/gems/ruby-2.3.0/gems/web-console-2.3.0/lib/web_console/templates/main.js.erb within layouts/javascript (0.2ms)
  Rendered /Users/ted/.rvm/gems/ruby-2.3.0/gems/web-console-2.3.0/lib/web_console/templates/error_page.js.erb within layouts/javascript (0.3ms)
  Rendered /Users/ted/.rvm/gems/ruby-2.3.0/gems/web-console-2.3.0/lib/web_console/templates/index.html.erb (307.9ms)


Started GET "/welcome/index" for ::1 at 2016-09-23 19:12:07 -0700
Processing by WelcomeController#index as HTML
  Rendered welcome/index.html.erb within layouts/application (0.8ms)
Completed 200 OK in 2395ms (Views: 2388.3ms | ActiveRecord: 0.0ms)


Started GET "/assets/application.self-aa6c0b482821091893703614027b667b64a24be3c7d2d6c6db8c940e2e614a9b.css?body=1" for ::1 at 2016-09-23 19:12:09 -0700


Started GET "/assets/welcome.self-226f51480622a0dec2966ca152eac7a7dcddf779feeeb40de7b85ccc5dce923a.css?body=1" for ::1 at 2016-09-23 19:12:09 -0700


Started GET "/assets/bootstrap.self-d0e973a52d36a01036265aeefaf2d1ae3499d2cb231a9be3bd846432daf231de.js?body=1" for ::1 at 2016-09-23 19:12:09 -0700


Started GET "/assets/application.self-f8806224e027f3e3f0138ea9ce99319e298dfdb323304d1f1be6eae8e8c74724.js?body=1" for ::1 at 2016-09-23 19:12:09 -0700


Started GET "/assets/jquery_ujs.self-784a997f6726036b1993eb2217c9cb558e1cbb801c6da88105588c56f13b466a.js?body=1" for ::1 at 2016-09-23 19:12:09 -0700


Started GET "/assets/jquery.self-bd7ddd393353a8d2480a622e80342adf488fb6006d667e8b42e4c0073393abee.js?body=1" for ::1 at 2016-09-23 19:12:09 -0700


Started GET "/assets/welcome.self-877aef30ae1b040ab8a3aba4e3e309a11d7f2612f44dde450b5c157aa5f95c05.js?body=1" for ::1 at 2016-09-23 19:12:09 -0700


Started GET "/assets/turbolinks.self-c5acd7a204f5f25ce7a1d8a0e4d92e28d34c9e2df2c7371cd7af88e147e4ad82.js?body=1" for ::1 at 2016-09-23 19:12:09 -0700


Started GET "/welcome/index" for ::1 at 2016-09-23 19:13:13 -0700
Processing by WelcomeController#index as HTML
  Rendered welcome/index.html.erb within layouts/application (0.0ms)
Completed 200 OK in 21ms (Views: 20.9ms | ActiveRecord: 0.0ms)


Started GET "/assets/jquery.self-bd7ddd393353a8d2480a622e80342adf488fb6006d667e8b42e4c0073393abee.js?body=1" for ::1 at 2016-09-23 19:13:14 -0700


Started GET "/assets/welcome.self-226f51480622a0dec2966ca152eac7a7dcddf779feeeb40de7b85ccc5dce923a.css?body=1" for ::1 at 2016-09-23 19:13:14 -0700


Started GET "/assets/turbolinks.self-c5acd7a204f5f25ce7a1d8a0e4d92e28d34c9e2df2c7371cd7af88e147e4ad82.js?body=1" for ::1 at 2016-09-23 19:13:14 -0700


Started GET "/assets/application.self-aa6c0b482821091893703614027b667b64a24be3c7d2d6c6db8c940e2e614a9b.css?body=1" for ::1 at 2016-09-23 19:13:14 -0700


Started GET "/assets/bootstrap.self-d0e973a52d36a01036265aeefaf2d1ae3499d2cb231a9be3bd846432daf231de.js?body=1" for ::1 at 2016-09-23 19:13:14 -0700


Started GET "/assets/jquery_ujs.self-784a997f6726036b1993eb2217c9cb558e1cbb801c6da88105588c56f13b466a.js?body=1" for ::1 at 2016-09-23 19:13:14 -0700


Started GET "/assets/welcome.self-877aef30ae1b040ab8a3aba4e3e309a11d7f2612f44dde450b5c157aa5f95c05.js?body=1" for ::1 at 2016-09-23 19:13:14 -0700


Started GET "/assets/application.self-f8806224e027f3e3f0138ea9ce99319e298dfdb323304d1f1be6eae8e8c74724.js?body=1" for ::1 at 2016-09-23 19:13:14 -0700


Started GET "/welcome/index" for ::1 at 2016-09-23 19:16:57 -0700
Processing by WelcomeController#index as HTML
  Rendered welcome/index.html.erb within layouts/application (0.4ms)
Completed 200 OK in 15ms (Views: 14.7ms | ActiveRecord: 0.0ms)


Started GET "/assets/welcome.self-226f51480622a0dec2966ca152eac7a7dcddf779feeeb40de7b85ccc5dce923a.css?body=1" for ::1 at 2016-09-23 19:16:57 -0700


Started GET "/assets/jquery_ujs.self-784a997f6726036b1993eb2217c9cb558e1cbb801c6da88105588c56f13b466a.js?body=1" for ::1 at 2016-09-23 19:16:57 -0700


Started GET "/assets/turbolinks.self-c5acd7a204f5f25ce7a1d8a0e4d92e28d34c9e2df2c7371cd7af88e147e4ad82.js?body=1" for ::1 at 2016-09-23 19:16:57 -0700


Started GET "/assets/jquery.self-bd7ddd393353a8d2480a622e80342adf488fb6006d667e8b42e4c0073393abee.js?body=1" for ::1 at 2016-09-23 19:16:57 -0700


Started GET "/assets/bootstrap.self-d0e973a52d36a01036265aeefaf2d1ae3499d2cb231a9be3bd846432daf231de.js?body=1" for ::1 at 2016-09-23 19:16:57 -0700


Started GET "/assets/application.self-aa6c0b482821091893703614027b667b64a24be3c7d2d6c6db8c940e2e614a9b.css?body=1" for ::1 at 2016-09-23 19:16:57 -0700


Started GET "/assets/welcome.self-877aef30ae1b040ab8a3aba4e3e309a11d7f2612f44dde450b5c157aa5f95c05.js?body=1" for ::1 at 2016-09-23 19:16:57 -0700


Started GET "/assets/application.self-f8806224e027f3e3f0138ea9ce99319e298dfdb323304d1f1be6eae8e8c74724.js?body=1" for ::1 at 2016-09-23 19:16:57 -0700


Started GET "/welcome/index" for ::1 at 2016-09-24 15:36:53 -0700
Processing by WelcomeController#index as HTML
  Rendered welcome/index.html.erb within layouts/application (0.4ms)
Completed 200 OK in 112ms (Views: 112.0ms | ActiveRecord: 0.0ms)


Started GET "/assets/application.self-aa6c0b482821091893703614027b667b64a24be3c7d2d6c6db8c940e2e614a9b.css?body=1" for ::1 at 2016-09-24 15:36:54 -0700


Started GET "/assets/bootstrap.self-d0e973a52d36a01036265aeefaf2d1ae3499d2cb231a9be3bd846432daf231de.js?body=1" for ::1 at 2016-09-24 15:36:54 -0700


Started GET "/assets/jquery_ujs.self-784a997f6726036b1993eb2217c9cb558e1cbb801c6da88105588c56f13b466a.js?body=1" for ::1 at 2016-09-24 15:36:54 -0700


Started GET "/assets/turbolinks.self-c5acd7a204f5f25ce7a1d8a0e4d92e28d34c9e2df2c7371cd7af88e147e4ad82.js?body=1" for ::1 at 2016-09-24 15:36:54 -0700


Started GET "/assets/welcome.self-226f51480622a0dec2966ca152eac7a7dcddf779feeeb40de7b85ccc5dce923a.css?body=1" for ::1 at 2016-09-24 15:36:54 -0700


Started GET "/assets/jquery.self-bd7ddd393353a8d2480a622e80342adf488fb6006d667e8b42e4c0073393abee.js?body=1" for ::1 at 2016-09-24 15:36:54 -0700


Started GET "/assets/welcome.self-877aef30ae1b040ab8a3aba4e3e309a11d7f2612f44dde450b5c157aa5f95c05.js?body=1" for ::1 at 2016-09-24 15:36:54 -0700


Started GET "/assets/application.self-f8806224e027f3e3f0138ea9ce99319e298dfdb323304d1f1be6eae8e8c74724.js?body=1" for ::1 at 2016-09-24 15:36:54 -0700
